{
  "RSpec": {
    "coverage": {
      "/Users/elaineosbourn/Projects/makers_academy/gilded_rose/spec/gilded_rose_spec.rb": [
        1,
        null,
        1,
        null,
        null,
        null,
        1,
        1,
        1,
        1,
        1,
        null,
        null,
        1,
        1,
        1,
        1,
        1,
        null,
        null,
        null,
        1,
        1,
        null,
        null,
        null,
        1,
        1,
        1,
        1,
        null,
        null,
        null,
        1,
        1,
        1,
        1,
        1,
        null,
        null,
        1,
        1,
        1,
        1,
        null,
        null,
        null,
        1,
        1,
        1,
        1,
        null,
        1,
        null,
        null,
        1,
        1,
        1,
        1,
        null,
        null,
        null,
        null,
        null,
        null,
        null,
        null,
        null,
        1,
        1,
        1,
        1,
        1,
        null,
        null,
        1,
        1,
        1,
        1,
        null,
        null,
        1,
        1,
        1,
        1,
        null,
        null,
        1,
        1,
        1,
        1,
        null,
        null,
        1,
        1,
        1,
        1,
        null,
        null,
        null,
        null,
        null,
        null,
        null,
        null,
        null,
        1,
        1,
        1,
        1,
        1,
        null,
        null,
        null,
        null
      ],
      "/Users/elaineosbourn/Projects/makers_academy/gilded_rose/lib/gilded_rose.rb": [
        1,
        null,
        1,
        null,
        1,
        1,
        1,
        1,
        1,
        1,
        null,
        1,
        13,
        null,
        null,
        1,
        13,
        13,
        5,
        1,
        null,
        null,
        8,
        4,
        4,
        3,
        2,
        null,
        null,
        3,
        1,
        null,
        null,
        null,
        null,
        null,
        13,
        13,
        2,
        2,
        1,
        0,
        null,
        null,
        1,
        null,
        null,
        0,
        null,
        null,
        null,
        null,
        null
      ],
      "/Users/elaineosbourn/Projects/makers_academy/gilded_rose/lib/item.rb": [
        1,
        1,
        null,
        1,
        14,
        14,
        14,
        null,
        null,
        1,
        1,
        null,
        null
      ],
      "/Users/elaineosbourn/Projects/makers_academy/gilded_rose/spec/item_spec.rb": [
        1,
        null,
        1,
        1,
        1,
        1,
        1,
        null,
        null,
        null
      ]
    },
    "timestamp": 1495023843
  }
}
